\BOOKMARK [0][-]{chapter.1}{\376\377\000S\000t\000a\000n\000d\000a\000r\000d\000\040\000A\000t\000m\000o\000s\000p\000h\000e\000r\000e\000\040\000\050\0001\0009\0007\0006\000\051}{}% 1
\BOOKMARK [1][-]{section.1.1}{\376\377\000N\000o\000m\000e\000n\000c\000l\000a\000t\000u\000r\000e}{chapter.1}% 2
\BOOKMARK [1][-]{section.1.2}{\376\377\000G\000o\000v\000e\000r\000n\000i\000n\000g\000\040\000I\000d\000e\000a}{chapter.1}% 3
\BOOKMARK [1][-]{section.1.3}{\376\377\000L\000a\000y\000e\000r\000\040\000T\000a\000b\000l\000e}{chapter.1}% 4
\BOOKMARK [1][-]{section.1.4}{\376\377\000L\000o\000c\000a\000t\000i\000n\000g\000\040\000t\000h\000e\000\040\000L\000a\000y\000e\000r}{chapter.1}% 5
\BOOKMARK [1][-]{section.1.5}{\376\377\000C\000a\000l\000c\000u\000l\000a\000t\000i\000o\000n\000\040\000C\000a\000s\000e\000s}{chapter.1}% 6
\BOOKMARK [1][-]{section.1.6}{\376\377\000D\000e\000r\000i\000v\000e\000d\000\040\000P\000r\000o\000p\000e\000r\000t\000i\000e\000s}{chapter.1}% 7
\BOOKMARK [1][-]{section.1.7}{\376\377\000P\000r\000o\000g\000r\000a\000m\000\040\000F\000l\000o\000w\000\040\000a\000n\000d\000\040\000A\000r\000c\000h\000i\000t\000e\000c\000t\000u\000r\000e}{chapter.1}% 8
\BOOKMARK [2][-]{subsection.1.7.1}{\376\377\000A\000r\000c\000h\000i\000t\000e\000c\000t\000u\000r\000e\000\040\000O\000v\000e\000r\000v\000i\000e\000w}{section.1.7}% 9
\BOOKMARK [2][-]{subsection.1.7.2}{\376\377\000L\000o\000g\000i\000c\000a\000l\000\040\000E\000x\000e\000c\000u\000t\000i\000o\000n\000\040\000F\000l\000o\000w}{section.1.7}% 10
\BOOKMARK [0][-]{chapter.2}{\376\377\000I\000s\000e\000n\000t\000r\000o\000p\000i\000c\000\040\000F\000l\000o\000w}{}% 11
\BOOKMARK [1][-]{section.2.1}{\376\377\000N\000o\000m\000e\000n\000c\000l\000a\000t\000u\000r\000e}{chapter.2}% 12
\BOOKMARK [1][-]{section.2.2}{\376\377\000G\000o\000v\000e\000r\000n\000i\000n\000g\000\040\000I\000d\000e\000a}{chapter.2}% 13
\BOOKMARK [1][-]{section.2.3}{\376\377\000C\000a\000l\000c\000u\000l\000a\000t\000i\000o\000n\000\040\000C\000a\000s\000e\000s}{chapter.2}% 14
\BOOKMARK [1][-]{section.2.4}{\376\377\000P\000r\000o\000g\000r\000a\000m\000\040\000F\000l\000o\000w\000\040\000a\000n\000d\000\040\000A\000r\000c\000h\000i\000t\000e\000c\000t\000u\000r\000e}{chapter.2}% 15
\BOOKMARK [2][-]{subsection.2.4.1}{\376\377\000A\000r\000c\000h\000i\000t\000e\000c\000t\000u\000r\000e\000\040\000O\000v\000e\000r\000v\000i\000e\000w}{section.2.4}% 16
\BOOKMARK [2][-]{subsection.2.4.2}{\376\377\000L\000o\000g\000i\000c\000a\000l\000\040\000E\000x\000e\000c\000u\000t\000i\000o\000n\000\040\000F\000l\000o\000w}{section.2.4}% 17
\BOOKMARK [0][-]{chapter.3}{\376\377\000N\000o\000r\000m\000a\000l\000\040\000S\000h\000o\000c\000k}{}% 18
\BOOKMARK [1][-]{section.3.1}{\376\377\000N\000o\000m\000e\000n\000c\000l\000a\000t\000u\000r\000e}{chapter.3}% 19
\BOOKMARK [1][-]{section.3.2}{\376\377\000G\000o\000v\000e\000r\000n\000i\000n\000g\000\040\000I\000d\000e\000a}{chapter.3}% 20
\BOOKMARK [1][-]{section.3.3}{\376\377\000C\000a\000l\000c\000u\000l\000a\000t\000i\000o\000n\000\040\000C\000a\000s\000e\000s}{chapter.3}% 21
\BOOKMARK [1][-]{section.3.4}{\376\377\000P\000r\000o\000g\000r\000a\000m\000\040\000F\000l\000o\000w\000\040\000a\000n\000d\000\040\000A\000r\000c\000h\000i\000t\000e\000c\000t\000u\000r\000e}{chapter.3}% 22
\BOOKMARK [2][-]{subsection.3.4.1}{\376\377\000A\000r\000c\000h\000i\000t\000e\000c\000t\000u\000r\000e\000\040\000O\000v\000e\000r\000v\000i\000e\000w}{section.3.4}% 23
\BOOKMARK [2][-]{subsection.3.4.2}{\376\377\000L\000o\000g\000i\000c\000a\000l\000\040\000E\000x\000e\000c\000u\000t\000i\000o\000n\000\040\000F\000l\000o\000w}{section.3.4}% 24
\BOOKMARK [0][-]{chapter.4}{\376\377\000F\000a\000n\000n\000o\000\040\000F\000l\000o\000w}{}% 25
\BOOKMARK [1][-]{section.4.1}{\376\377\000N\000o\000m\000e\000n\000c\000l\000a\000t\000u\000r\000e}{chapter.4}% 26
\BOOKMARK [1][-]{section.4.2}{\376\377\000G\000o\000v\000e\000r\000n\000i\000n\000g\000\040\000I\000d\000e\000a}{chapter.4}% 27
\BOOKMARK [1][-]{section.4.3}{\376\377\000C\000a\000l\000c\000u\000l\000a\000t\000i\000o\000n\000\040\000C\000a\000s\000e\000s}{chapter.4}% 28
\BOOKMARK [1][-]{section.4.4}{\376\377\000P\000r\000o\000g\000r\000a\000m\000\040\000F\000l\000o\000w\000\040\000a\000n\000d\000\040\000A\000r\000c\000h\000i\000t\000e\000c\000t\000u\000r\000e}{chapter.4}% 29
\BOOKMARK [2][-]{subsection.4.4.1}{\376\377\000A\000r\000c\000h\000i\000t\000e\000c\000t\000u\000r\000e\000\040\000O\000v\000e\000r\000v\000i\000e\000w}{section.4.4}% 30
\BOOKMARK [2][-]{subsection.4.4.2}{\376\377\000L\000o\000g\000i\000c\000a\000l\000\040\000E\000x\000e\000c\000u\000t\000i\000o\000n\000\040\000F\000l\000o\000w}{section.4.4}% 31
\BOOKMARK [0][-]{chapter.5}{\376\377\000R\000a\000y\000l\000e\000i\000g\000h\000\040\000F\000l\000o\000w}{}% 32
\BOOKMARK [1][-]{section.5.1}{\376\377\000N\000o\000m\000e\000n\000c\000l\000a\000t\000u\000r\000e}{chapter.5}% 33
\BOOKMARK [1][-]{section.5.2}{\376\377\000G\000o\000v\000e\000r\000n\000i\000n\000g\000\040\000I\000d\000e\000a}{chapter.5}% 34
\BOOKMARK [1][-]{section.5.3}{\376\377\000C\000a\000l\000c\000u\000l\000a\000t\000i\000o\000n\000\040\000C\000a\000s\000e\000s}{chapter.5}% 35
\BOOKMARK [1][-]{section.5.4}{\376\377\000P\000r\000o\000g\000r\000a\000m\000\040\000F\000l\000o\000w\000\040\000a\000n\000d\000\040\000A\000r\000c\000h\000i\000t\000e\000c\000t\000u\000r\000e}{chapter.5}% 36
\BOOKMARK [2][-]{subsection.5.4.1}{\376\377\000A\000r\000c\000h\000i\000t\000e\000c\000t\000u\000r\000e\000\040\000O\000v\000e\000r\000v\000i\000e\000w}{section.5.4}% 37
\BOOKMARK [2][-]{subsection.5.4.2}{\376\377\000L\000o\000g\000i\000c\000a\000l\000\040\000E\000x\000e\000c\000u\000t\000i\000o\000n\000\040\000F\000l\000o\000w}{section.5.4}% 38
\BOOKMARK [0][-]{chapter.6}{\376\377\000O\000b\000l\000i\000q\000u\000e\000\040\000S\000h\000o\000c\000k}{}% 39
\BOOKMARK [1][-]{section.6.1}{\376\377\000N\000o\000m\000e\000n\000c\000l\000a\000t\000u\000r\000e}{chapter.6}% 40
\BOOKMARK [1][-]{section.6.2}{\376\377\000G\000o\000v\000e\000r\000n\000i\000n\000g\000\040\000I\000d\000e\000a}{chapter.6}% 41
\BOOKMARK [1][-]{section.6.3}{\376\377\000C\000a\000l\000c\000u\000l\000a\000t\000i\000o\000n\000\040\000C\000a\000s\000e\000s}{chapter.6}% 42
\BOOKMARK [1][-]{section.6.4}{\376\377\000P\000r\000o\000g\000r\000a\000m\000\040\000F\000l\000o\000w\000\040\000a\000n\000d\000\040\000A\000r\000c\000h\000i\000t\000e\000c\000t\000u\000r\000e}{chapter.6}% 43
\BOOKMARK [2][-]{subsection.6.4.1}{\376\377\000A\000r\000c\000h\000i\000t\000e\000c\000t\000u\000r\000e\000\040\000O\000v\000e\000r\000v\000i\000e\000w}{section.6.4}% 44
\BOOKMARK [2][-]{subsection.6.4.2}{\376\377\000L\000o\000g\000i\000c\000a\000l\000\040\000E\000x\000e\000c\000u\000t\000i\000o\000n\000\040\000F\000l\000o\000w}{section.6.4}% 45
\BOOKMARK [0][-]{chapter.7}{\376\377\000C\000o\000n\000i\000c\000a\000l\000\040\000S\000h\000o\000c\000k}{}% 46
\BOOKMARK [1][-]{section.7.1}{\376\377\000N\000o\000m\000e\000n\000c\000l\000a\000t\000u\000r\000e}{chapter.7}% 47
\BOOKMARK [1][-]{section.7.2}{\376\377\000G\000o\000v\000e\000r\000n\000i\000n\000g\000\040\000I\000d\000e\000a}{chapter.7}% 48
\BOOKMARK [1][-]{section.7.3}{\376\377\000M\000a\000t\000h\000e\000m\000a\000t\000i\000c\000a\000l\000\040\000F\000l\000o\000w\000\040\000a\000n\000d\000\040\000S\000o\000l\000v\000e\000r\000\040\000S\000t\000e\000p\000s}{chapter.7}% 49
\BOOKMARK [1][-]{section.7.4}{\376\377\000P\000r\000o\000g\000r\000a\000m\000\040\000F\000l\000o\000w\000\040\000a\000n\000d\000\040\000A\000r\000c\000h\000i\000t\000e\000c\000t\000u\000r\000e}{chapter.7}% 50
\BOOKMARK [2][-]{subsection.7.4.1}{\376\377\000A\000r\000c\000h\000i\000t\000e\000c\000t\000u\000r\000e\000\040\000O\000v\000e\000r\000v\000i\000e\000w}{section.7.4}% 51
\BOOKMARK [2][-]{subsection.7.4.2}{\376\377\000L\000o\000g\000i\000c\000a\000l\000\040\000E\000x\000e\000c\000u\000t\000i\000o\000n\000\040\000F\000l\000o\000w}{section.7.4}% 52
